2022/07/11 19:36:14 [notice] 1#1: using the "epoll" event method
2022/07/11 19:36:14 [notice] 1#1: nginx/1.23.0
2022/07/11 19:36:14 [notice] 1#1: built by gcc 10.2.1 20210110 (Debian 10.2.1-6) 
2022/07/11 19:36:14 [notice] 1#1: OS: Linux 5.13.0-52-generic
2022/07/11 19:36:14 [notice] 1#1: getrlimit(RLIMIT_NOFILE): 1048576:1048576
2022/07/11 19:36:14 [notice] 1#1: start worker processes
2022/07/11 19:36:14 [notice] 1#1: start worker process 29
2022/07/11 19:36:14 [notice] 1#1: start worker process 30
2022/07/11 19:36:14 [notice] 1#1: start worker process 31
2022/07/11 19:36:14 [notice] 1#1: start worker process 32
2022/07/12 05:46:34 [notice] 1#1: signal 3 (SIGQUIT) received, shutting down
2022/07/12 05:46:34 [notice] 30#30: gracefully shutting down
2022/07/12 05:46:34 [notice] 30#30: exiting
2022/07/12 05:46:34 [notice] 30#30: exit
2022/07/12 05:46:34 [notice] 32#32: gracefully shutting down
2022/07/12 05:46:34 [notice] 32#32: exiting
2022/07/12 05:46:34 [notice] 32#32: exit
2022/07/12 05:46:34 [notice] 31#31: gracefully shutting down
2022/07/12 05:46:34 [notice] 31#31: exiting
2022/07/12 05:46:34 [notice] 31#31: exit
2022/07/12 05:46:34 [notice] 29#29: gracefully shutting down
2022/07/12 05:46:34 [notice] 29#29: exiting
2022/07/12 05:46:34 [notice] 29#29: exit
2022/07/12 05:46:35 [notice] 1#1: signal 17 (SIGCHLD) received from 30
2022/07/12 05:46:35 [notice] 1#1: worker process 30 exited with code 0
2022/07/12 05:46:35 [notice] 1#1: signal 29 (SIGIO) received
2022/07/12 05:46:35 [notice] 1#1: signal 17 (SIGCHLD) received from 32
2022/07/12 05:46:35 [notice] 1#1: worker process 32 exited with code 0
2022/07/12 05:46:35 [notice] 1#1: signal 29 (SIGIO) received
2022/07/12 05:46:35 [notice] 1#1: signal 17 (SIGCHLD) received from 31
2022/07/12 05:46:35 [notice] 1#1: worker process 31 exited with code 0
2022/07/12 05:46:35 [notice] 1#1: signal 29 (SIGIO) received
2022/07/12 05:46:35 [notice] 1#1: signal 17 (SIGCHLD) received from 29
2022/07/12 05:46:35 [notice] 1#1: worker process 29 exited with code 0
2022/07/12 05:46:35 [notice] 1#1: exit
2022/07/12 05:59:11 [notice] 1#1: using the "epoll" event method
2022/07/12 05:59:11 [notice] 1#1: nginx/1.23.0
2022/07/12 05:59:11 [notice] 1#1: built by gcc 10.2.1 20210110 (Debian 10.2.1-6) 
2022/07/12 05:59:11 [notice] 1#1: OS: Linux 5.13.0-52-generic
2022/07/12 05:59:11 [notice] 1#1: getrlimit(RLIMIT_NOFILE): 1048576:1048576
2022/07/12 05:59:11 [notice] 1#1: start worker processes
2022/07/12 05:59:11 [notice] 1#1: start worker process 30
2022/07/12 05:59:11 [notice] 1#1: start worker process 31
2022/07/12 05:59:11 [notice] 1#1: start worker process 32
2022/07/12 05:59:11 [notice] 1#1: start worker process 33
2022/07/12 06:14:07 [notice] 1#1: signal 3 (SIGQUIT) received, shutting down
2022/07/12 06:14:07 [notice] 30#30: gracefully shutting down
2022/07/12 06:14:07 [notice] 32#32: gracefully shutting down
2022/07/12 06:14:07 [notice] 30#30: exiting
2022/07/12 06:14:07 [notice] 32#32: exiting
2022/07/12 06:14:07 [notice] 33#33: gracefully shutting down
2022/07/12 06:14:07 [notice] 33#33: exiting
2022/07/12 06:14:07 [notice] 32#32: exit
2022/07/12 06:14:07 [notice] 30#30: exit
2022/07/12 06:14:07 [notice] 33#33: exit
2022/07/12 06:14:07 [notice] 31#31: gracefully shutting down
2022/07/12 06:14:07 [notice] 31#31: exiting
2022/07/12 06:14:07 [notice] 31#31: exit
2022/07/12 06:14:07 [notice] 1#1: signal 17 (SIGCHLD) received from 33
2022/07/12 06:14:07 [notice] 1#1: worker process 33 exited with code 0
2022/07/12 06:14:07 [notice] 1#1: signal 29 (SIGIO) received
2022/07/12 06:14:07 [notice] 1#1: signal 17 (SIGCHLD) received from 32
2022/07/12 06:14:07 [notice] 1#1: worker process 32 exited with code 0
2022/07/12 06:14:07 [notice] 1#1: signal 29 (SIGIO) received
2022/07/12 06:14:07 [notice] 1#1: signal 17 (SIGCHLD) received from 31
2022/07/12 06:14:07 [notice] 1#1: worker process 30 exited with code 0
2022/07/12 06:14:07 [notice] 1#1: worker process 31 exited with code 0
2022/07/12 06:14:07 [notice] 1#1: exit
2022/07/12 06:17:06 [notice] 1#1: using the "epoll" event method
2022/07/12 06:17:06 [notice] 1#1: nginx/1.23.0
2022/07/12 06:17:06 [notice] 1#1: built by gcc 10.2.1 20210110 (Debian 10.2.1-6) 
2022/07/12 06:17:06 [notice] 1#1: OS: Linux 5.13.0-52-generic
2022/07/12 06:17:06 [notice] 1#1: getrlimit(RLIMIT_NOFILE): 1048576:1048576
2022/07/12 06:17:06 [notice] 1#1: start worker processes
2022/07/12 06:17:06 [notice] 1#1: start worker process 30
2022/07/12 06:17:06 [notice] 1#1: start worker process 31
2022/07/12 06:17:06 [notice] 1#1: start worker process 32
2022/07/12 06:17:06 [notice] 1#1: start worker process 33
2022/07/12 07:20:16 [notice] 1#1: signal 3 (SIGQUIT) received, shutting down
2022/07/12 07:20:16 [notice] 32#32: gracefully shutting down
2022/07/12 07:20:16 [notice] 32#32: exiting
2022/07/12 07:20:16 [notice] 31#31: gracefully shutting down
2022/07/12 07:20:16 [notice] 31#31: exiting
2022/07/12 07:20:16 [notice] 32#32: exit
2022/07/12 07:20:16 [notice] 31#31: exit
2022/07/12 07:20:16 [notice] 30#30: gracefully shutting down
2022/07/12 07:20:16 [notice] 33#33: gracefully shutting down
2022/07/12 07:20:16 [notice] 30#30: exiting
2022/07/12 07:20:16 [notice] 33#33: exiting
2022/07/12 07:20:16 [notice] 30#30: exit
2022/07/12 07:20:16 [notice] 33#33: exit
2022/07/12 07:20:16 [notice] 1#1: signal 17 (SIGCHLD) received from 33
2022/07/12 07:20:16 [notice] 1#1: worker process 32 exited with code 0
2022/07/12 07:20:16 [notice] 1#1: worker process 33 exited with code 0
2022/07/12 07:20:16 [notice] 1#1: signal 29 (SIGIO) received
2022/07/12 07:20:16 [notice] 1#1: signal 17 (SIGCHLD) received from 31
2022/07/12 07:20:16 [notice] 1#1: worker process 31 exited with code 0
2022/07/12 07:20:16 [notice] 1#1: signal 29 (SIGIO) received
2022/07/12 07:20:16 [notice] 1#1: signal 17 (SIGCHLD) received from 30
2022/07/12 07:20:16 [notice] 1#1: worker process 30 exited with code 0
2022/07/12 07:20:16 [notice] 1#1: exit
2022/07/12 07:24:13 [notice] 1#1: using the "epoll" event method
2022/07/12 07:24:13 [notice] 1#1: nginx/1.23.0
2022/07/12 07:24:13 [notice] 1#1: built by gcc 10.2.1 20210110 (Debian 10.2.1-6) 
2022/07/12 07:24:13 [notice] 1#1: OS: Linux 5.13.0-52-generic
2022/07/12 07:24:13 [notice] 1#1: getrlimit(RLIMIT_NOFILE): 1048576:1048576
2022/07/12 07:24:13 [notice] 1#1: start worker processes
2022/07/12 07:24:13 [notice] 1#1: start worker process 30
2022/07/12 07:24:13 [notice] 1#1: start worker process 31
2022/07/12 07:24:13 [notice] 1#1: start worker process 32
2022/07/12 07:24:13 [notice] 1#1: start worker process 33
2022/07/12 07:39:11 [notice] 1#1: signal 3 (SIGQUIT) received, shutting down
2022/07/12 07:39:11 [notice] 30#30: gracefully shutting down
2022/07/12 07:39:11 [notice] 30#30: exiting
2022/07/12 07:39:11 [notice] 30#30: exit
2022/07/12 07:39:11 [notice] 31#31: gracefully shutting down
2022/07/12 07:39:11 [notice] 31#31: exiting
2022/07/12 07:39:11 [notice] 31#31: exit
2022/07/12 07:39:11 [notice] 33#33: gracefully shutting down
2022/07/12 07:39:11 [notice] 33#33: exiting
2022/07/12 07:39:11 [notice] 33#33: exit
2022/07/12 07:39:11 [notice] 32#32: gracefully shutting down
2022/07/12 07:39:11 [notice] 32#32: exiting
2022/07/12 07:39:11 [notice] 32#32: exit
2022/07/12 07:39:11 [notice] 1#1: signal 17 (SIGCHLD) received from 31
2022/07/12 07:39:11 [notice] 1#1: worker process 31 exited with code 0
2022/07/12 07:39:11 [notice] 1#1: worker process 33 exited with code 0
2022/07/12 07:39:11 [notice] 1#1: signal 29 (SIGIO) received
2022/07/12 07:39:11 [notice] 1#1: signal 17 (SIGCHLD) received from 33
2022/07/12 07:39:11 [notice] 1#1: signal 17 (SIGCHLD) received from 30
2022/07/12 07:39:11 [notice] 1#1: worker process 30 exited with code 0
2022/07/12 07:39:11 [notice] 1#1: signal 29 (SIGIO) received
2022/07/12 07:39:11 [notice] 1#1: signal 17 (SIGCHLD) received from 32
2022/07/12 07:39:11 [notice] 1#1: worker process 32 exited with code 0
2022/07/12 07:39:11 [notice] 1#1: exit
2022/07/12 07:55:44 [notice] 1#1: using the "epoll" event method
2022/07/12 07:55:44 [notice] 1#1: nginx/1.23.0
2022/07/12 07:55:44 [notice] 1#1: built by gcc 10.2.1 20210110 (Debian 10.2.1-6) 
2022/07/12 07:55:44 [notice] 1#1: OS: Linux 5.13.0-52-generic
2022/07/12 07:55:44 [notice] 1#1: getrlimit(RLIMIT_NOFILE): 1048576:1048576
2022/07/12 07:55:44 [notice] 1#1: start worker processes
2022/07/12 07:55:44 [notice] 1#1: start worker process 30
2022/07/12 07:55:44 [notice] 1#1: start worker process 31
2022/07/12 07:55:44 [notice] 1#1: start worker process 32
2022/07/12 07:55:44 [notice] 1#1: start worker process 33
2022/07/12 08:16:29 [notice] 1#1: signal 3 (SIGQUIT) received, shutting down
2022/07/12 08:16:29 [notice] 31#31: gracefully shutting down
2022/07/12 08:16:29 [notice] 31#31: exiting
2022/07/12 08:16:29 [notice] 31#31: exit
2022/07/12 08:16:29 [notice] 32#32: gracefully shutting down
2022/07/12 08:16:29 [notice] 33#33: gracefully shutting down
2022/07/12 08:16:29 [notice] 32#32: exiting
2022/07/12 08:16:29 [notice] 33#33: exiting
2022/07/12 08:16:29 [notice] 32#32: exit
2022/07/12 08:16:29 [notice] 33#33: exit
2022/07/12 08:16:29 [notice] 30#30: gracefully shutting down
2022/07/12 08:16:29 [notice] 30#30: exiting
2022/07/12 08:16:29 [notice] 30#30: exit
2022/07/12 08:16:29 [notice] 1#1: signal 17 (SIGCHLD) received from 30
2022/07/12 08:16:29 [notice] 1#1: worker process 30 exited with code 0
2022/07/12 08:16:29 [notice] 1#1: worker process 31 exited with code 0
2022/07/12 08:16:29 [notice] 1#1: worker process 32 exited with code 0
2022/07/12 08:16:29 [notice] 1#1: signal 29 (SIGIO) received
2022/07/12 08:16:29 [notice] 1#1: signal 17 (SIGCHLD) received from 31
2022/07/12 08:16:29 [notice] 1#1: signal 17 (SIGCHLD) received from 33
2022/07/12 08:16:29 [notice] 1#1: worker process 33 exited with code 0
2022/07/12 08:16:29 [notice] 1#1: exit
2022/07/12 08:24:47 [notice] 1#1: using the "epoll" event method
2022/07/12 08:24:47 [notice] 1#1: nginx/1.23.0
2022/07/12 08:24:47 [notice] 1#1: built by gcc 10.2.1 20210110 (Debian 10.2.1-6) 
2022/07/12 08:24:47 [notice] 1#1: OS: Linux 5.13.0-52-generic
2022/07/12 08:24:47 [notice] 1#1: getrlimit(RLIMIT_NOFILE): 1048576:1048576
2022/07/12 08:24:47 [notice] 1#1: start worker processes
2022/07/12 08:24:47 [notice] 1#1: start worker process 30
2022/07/12 08:24:47 [notice] 1#1: start worker process 31
2022/07/12 08:24:47 [notice] 1#1: start worker process 32
2022/07/12 08:24:47 [notice] 1#1: start worker process 33
2022/07/12 08:35:56 [notice] 1#1: signal 3 (SIGQUIT) received, shutting down
2022/07/12 08:35:56 [notice] 31#31: gracefully shutting down
2022/07/12 08:35:56 [notice] 33#33: gracefully shutting down
2022/07/12 08:35:56 [notice] 31#31: exiting
2022/07/12 08:35:56 [notice] 33#33: exiting
2022/07/12 08:35:56 [notice] 31#31: exit
2022/07/12 08:35:56 [notice] 33#33: exit
2022/07/12 08:35:56 [notice] 32#32: gracefully shutting down
2022/07/12 08:35:56 [notice] 32#32: exiting
2022/07/12 08:35:56 [notice] 32#32: exit
2022/07/12 08:35:56 [notice] 30#30: gracefully shutting down
2022/07/12 08:35:56 [notice] 30#30: exiting
2022/07/12 08:35:56 [notice] 30#30: exit
2022/07/12 08:35:56 [notice] 1#1: signal 17 (SIGCHLD) received from 32
2022/07/12 08:35:56 [notice] 1#1: worker process 32 exited with code 0
2022/07/12 08:35:56 [notice] 1#1: worker process 31 exited with code 0
2022/07/12 08:35:56 [notice] 1#1: worker process 33 exited with code 0
2022/07/12 08:35:56 [notice] 1#1: signal 29 (SIGIO) received
2022/07/12 08:35:56 [notice] 1#1: signal 17 (SIGCHLD) received from 33
2022/07/12 08:35:56 [notice] 1#1: signal 17 (SIGCHLD) received from 30
2022/07/12 08:35:56 [notice] 1#1: worker process 30 exited with code 0
2022/07/12 08:35:56 [notice] 1#1: exit
2022/07/12 11:27:46 [notice] 1#1: using the "epoll" event method
2022/07/12 11:27:46 [notice] 1#1: nginx/1.23.0
2022/07/12 11:27:46 [notice] 1#1: built by gcc 10.2.1 20210110 (Debian 10.2.1-6) 
2022/07/12 11:27:46 [notice] 1#1: OS: Linux 5.13.0-52-generic
2022/07/12 11:27:46 [notice] 1#1: getrlimit(RLIMIT_NOFILE): 1048576:1048576
2022/07/12 11:27:46 [notice] 1#1: start worker processes
2022/07/12 11:27:46 [notice] 1#1: start worker process 30
2022/07/12 11:27:46 [notice] 1#1: start worker process 31
2022/07/12 11:27:46 [notice] 1#1: start worker process 32
2022/07/12 11:27:46 [notice] 1#1: start worker process 33
2022/07/12 11:28:16 [notice] 1#1: signal 3 (SIGQUIT) received, shutting down
2022/07/12 11:28:16 [notice] 33#33: gracefully shutting down
2022/07/12 11:28:16 [notice] 30#30: gracefully shutting down
2022/07/12 11:28:16 [notice] 31#31: gracefully shutting down
2022/07/12 11:28:16 [notice] 33#33: exiting
2022/07/12 11:28:16 [notice] 30#30: exiting
2022/07/12 11:28:16 [notice] 31#31: exiting
2022/07/12 11:28:16 [notice] 33#33: exit
2022/07/12 11:28:16 [notice] 30#30: exit
2022/07/12 11:28:16 [notice] 31#31: exit
2022/07/12 11:28:16 [notice] 32#32: gracefully shutting down
2022/07/12 11:28:16 [notice] 32#32: exiting
2022/07/12 11:28:16 [notice] 32#32: exit
2022/07/12 11:28:16 [notice] 1#1: signal 17 (SIGCHLD) received from 31
2022/07/12 11:28:16 [notice] 1#1: worker process 31 exited with code 0
2022/07/12 11:28:16 [notice] 1#1: signal 29 (SIGIO) received
2022/07/12 11:28:16 [notice] 1#1: signal 17 (SIGCHLD) received from 30
2022/07/12 11:28:16 [notice] 1#1: worker process 30 exited with code 0
2022/07/12 11:28:16 [notice] 1#1: signal 29 (SIGIO) received
2022/07/12 11:28:16 [notice] 1#1: signal 17 (SIGCHLD) received from 33
2022/07/12 11:28:16 [notice] 1#1: worker process 32 exited with code 0
2022/07/12 11:28:16 [notice] 1#1: worker process 33 exited with code 0
2022/07/12 11:28:16 [notice] 1#1: exit
2022/07/12 11:30:54 [notice] 1#1: using the "epoll" event method
2022/07/12 11:30:54 [notice] 1#1: nginx/1.23.0
2022/07/12 11:30:54 [notice] 1#1: built by gcc 10.2.1 20210110 (Debian 10.2.1-6) 
2022/07/12 11:30:54 [notice] 1#1: OS: Linux 5.13.0-52-generic
2022/07/12 11:30:54 [notice] 1#1: getrlimit(RLIMIT_NOFILE): 1048576:1048576
2022/07/12 11:30:54 [notice] 1#1: start worker processes
2022/07/12 11:30:54 [notice] 1#1: start worker process 30
2022/07/12 11:30:54 [notice] 1#1: start worker process 31
2022/07/12 11:30:54 [notice] 1#1: start worker process 32
2022/07/12 11:30:54 [notice] 1#1: start worker process 33
2022/07/12 11:33:04 [notice] 1#1: signal 3 (SIGQUIT) received, shutting down
2022/07/12 11:33:04 [notice] 31#31: gracefully shutting down
2022/07/12 11:33:04 [notice] 33#33: gracefully shutting down
2022/07/12 11:33:04 [notice] 31#31: exiting
2022/07/12 11:33:04 [notice] 33#33: exiting
2022/07/12 11:33:04 [notice] 31#31: exit
2022/07/12 11:33:04 [notice] 33#33: exit
2022/07/12 11:33:04 [notice] 30#30: gracefully shutting down
2022/07/12 11:33:04 [notice] 30#30: exiting
2022/07/12 11:33:04 [notice] 30#30: exit
2022/07/12 11:33:04 [notice] 32#32: gracefully shutting down
2022/07/12 11:33:04 [notice] 32#32: exiting
2022/07/12 11:33:04 [notice] 32#32: exit
2022/07/12 11:33:04 [notice] 1#1: signal 17 (SIGCHLD) received from 31
2022/07/12 11:33:04 [notice] 1#1: worker process 31 exited with code 0
2022/07/12 11:33:04 [notice] 1#1: signal 29 (SIGIO) received
2022/07/12 11:33:04 [notice] 1#1: signal 17 (SIGCHLD) received from 30
2022/07/12 11:33:04 [notice] 1#1: worker process 30 exited with code 0
2022/07/12 11:33:04 [notice] 1#1: worker process 33 exited with code 0
2022/07/12 11:33:04 [notice] 1#1: signal 29 (SIGIO) received
2022/07/12 11:33:04 [notice] 1#1: signal 17 (SIGCHLD) received from 33
2022/07/12 11:33:04 [notice] 1#1: signal 17 (SIGCHLD) received from 32
2022/07/12 11:33:04 [notice] 1#1: worker process 32 exited with code 0
2022/07/12 11:33:04 [notice] 1#1: exit
2022/07/12 11:52:37 [notice] 1#1: using the "epoll" event method
2022/07/12 11:52:37 [notice] 1#1: nginx/1.23.0
2022/07/12 11:52:37 [notice] 1#1: built by gcc 10.2.1 20210110 (Debian 10.2.1-6) 
2022/07/12 11:52:37 [notice] 1#1: OS: Linux 5.13.0-52-generic
2022/07/12 11:52:37 [notice] 1#1: getrlimit(RLIMIT_NOFILE): 1048576:1048576
2022/07/12 11:52:37 [notice] 1#1: start worker processes
2022/07/12 11:52:37 [notice] 1#1: start worker process 30
2022/07/12 11:52:37 [notice] 1#1: start worker process 31
2022/07/12 11:52:37 [notice] 1#1: start worker process 32
2022/07/12 11:52:37 [notice] 1#1: start worker process 33
2022/07/12 11:56:59 [notice] 1#1: signal 3 (SIGQUIT) received, shutting down
2022/07/12 11:56:59 [notice] 30#30: gracefully shutting down
2022/07/12 11:56:59 [notice] 31#31: gracefully shutting down
2022/07/12 11:56:59 [notice] 30#30: exiting
2022/07/12 11:56:59 [notice] 31#31: exiting
2022/07/12 11:56:59 [notice] 30#30: exit
2022/07/12 11:56:59 [notice] 31#31: exit
2022/07/12 11:56:59 [notice] 32#32: gracefully shutting down
2022/07/12 11:56:59 [notice] 32#32: exiting
2022/07/12 11:56:59 [notice] 33#33: gracefully shutting down
2022/07/12 11:56:59 [notice] 33#33: exiting
2022/07/12 11:56:59 [notice] 32#32: exit
2022/07/12 11:56:59 [notice] 33#33: exit
2022/07/12 11:56:59 [notice] 1#1: signal 17 (SIGCHLD) received from 32
2022/07/12 11:56:59 [notice] 1#1: worker process 30 exited with code 0
2022/07/12 11:56:59 [notice] 1#1: worker process 31 exited with code 0
2022/07/12 11:56:59 [notice] 1#1: worker process 32 exited with code 0
2022/07/12 11:56:59 [notice] 1#1: worker process 33 exited with code 0
2022/07/12 11:56:59 [notice] 1#1: exit
2022/07/12 11:58:25 [notice] 1#1: using the "epoll" event method
2022/07/12 11:58:25 [notice] 1#1: nginx/1.23.0
2022/07/12 11:58:25 [notice] 1#1: built by gcc 10.2.1 20210110 (Debian 10.2.1-6) 
2022/07/12 11:58:25 [notice] 1#1: OS: Linux 5.13.0-52-generic
2022/07/12 11:58:25 [notice] 1#1: getrlimit(RLIMIT_NOFILE): 1048576:1048576
2022/07/12 11:58:25 [notice] 1#1: start worker processes
2022/07/12 11:58:25 [notice] 1#1: start worker process 30
2022/07/12 11:58:25 [notice] 1#1: start worker process 31
2022/07/12 11:58:25 [notice] 1#1: start worker process 32
2022/07/12 11:58:25 [notice] 1#1: start worker process 33
2022/07/12 12:04:50 [notice] 1#1: signal 3 (SIGQUIT) received, shutting down
2022/07/12 12:04:50 [notice] 33#33: gracefully shutting down
2022/07/12 12:04:50 [notice] 33#33: exiting
2022/07/12 12:04:50 [notice] 33#33: exit
2022/07/12 12:04:50 [notice] 30#30: gracefully shutting down
2022/07/12 12:04:50 [notice] 30#30: exiting
2022/07/12 12:04:50 [notice] 30#30: exit
2022/07/12 12:04:50 [notice] 32#32: gracefully shutting down
2022/07/12 12:04:50 [notice] 32#32: exiting
2022/07/12 12:04:50 [notice] 32#32: exit
2022/07/12 12:04:50 [notice] 31#31: gracefully shutting down
2022/07/12 12:04:50 [notice] 31#31: exiting
2022/07/12 12:04:50 [notice] 31#31: exit
2022/07/12 12:04:50 [notice] 1#1: signal 17 (SIGCHLD) received from 33
2022/07/12 12:04:50 [notice] 1#1: worker process 32 exited with code 0
2022/07/12 12:04:50 [notice] 1#1: worker process 33 exited with code 0
2022/07/12 12:04:50 [notice] 1#1: signal 29 (SIGIO) received
2022/07/12 12:04:50 [notice] 1#1: signal 17 (SIGCHLD) received from 31
2022/07/12 12:04:50 [notice] 1#1: worker process 31 exited with code 0
2022/07/12 12:04:50 [notice] 1#1: signal 29 (SIGIO) received
2022/07/12 12:04:50 [notice] 1#1: signal 17 (SIGCHLD) received from 30
2022/07/12 12:04:50 [notice] 1#1: worker process 30 exited with code 0
2022/07/12 12:04:50 [notice] 1#1: exit
2022/07/12 12:07:42 [notice] 1#1: using the "epoll" event method
2022/07/12 12:07:42 [notice] 1#1: nginx/1.23.0
2022/07/12 12:07:42 [notice] 1#1: built by gcc 10.2.1 20210110 (Debian 10.2.1-6) 
2022/07/12 12:07:42 [notice] 1#1: OS: Linux 5.13.0-52-generic
2022/07/12 12:07:42 [notice] 1#1: getrlimit(RLIMIT_NOFILE): 1048576:1048576
2022/07/12 12:07:42 [notice] 1#1: start worker processes
2022/07/12 12:07:42 [notice] 1#1: start worker process 29
2022/07/12 12:07:42 [notice] 1#1: start worker process 30
2022/07/12 12:07:42 [notice] 1#1: start worker process 31
2022/07/12 12:07:42 [notice] 1#1: start worker process 32
2022/07/12 12:11:51 [notice] 1#1: signal 3 (SIGQUIT) received, shutting down
2022/07/12 12:11:51 [notice] 31#31: gracefully shutting down
2022/07/12 12:11:51 [notice] 29#29: gracefully shutting down
2022/07/12 12:11:51 [notice] 32#32: gracefully shutting down
2022/07/12 12:11:51 [notice] 31#31: exiting
2022/07/12 12:11:51 [notice] 29#29: exiting
2022/07/12 12:11:51 [notice] 32#32: exiting
2022/07/12 12:11:51 [notice] 29#29: exit
2022/07/12 12:11:51 [notice] 31#31: exit
2022/07/12 12:11:51 [notice] 32#32: exit
2022/07/12 12:11:51 [notice] 30#30: gracefully shutting down
2022/07/12 12:11:51 [notice] 30#30: exiting
2022/07/12 12:11:51 [notice] 30#30: exit
2022/07/12 12:11:51 [notice] 1#1: signal 17 (SIGCHLD) received from 29
2022/07/12 12:11:51 [notice] 1#1: worker process 29 exited with code 0
2022/07/12 12:11:51 [notice] 1#1: worker process 31 exited with code 0
2022/07/12 12:11:51 [notice] 1#1: signal 29 (SIGIO) received
2022/07/12 12:11:51 [notice] 1#1: signal 17 (SIGCHLD) received from 31
2022/07/12 12:11:51 [notice] 1#1: signal 17 (SIGCHLD) received from 30
2022/07/12 12:11:51 [notice] 1#1: worker process 30 exited with code 0
2022/07/12 12:11:51 [notice] 1#1: signal 17 (SIGCHLD) received from 32
2022/07/12 12:11:51 [notice] 1#1: worker process 32 exited with code 0
2022/07/12 12:11:51 [notice] 1#1: exit
2022/07/12 14:07:32 [notice] 1#1: using the "epoll" event method
2022/07/12 14:07:32 [notice] 1#1: nginx/1.23.0
2022/07/12 14:07:32 [notice] 1#1: built by gcc 10.2.1 20210110 (Debian 10.2.1-6) 
2022/07/12 14:07:32 [notice] 1#1: OS: Linux 5.13.0-52-generic
2022/07/12 14:07:32 [notice] 1#1: getrlimit(RLIMIT_NOFILE): 1048576:1048576
2022/07/12 14:07:32 [notice] 1#1: start worker processes
2022/07/12 14:07:32 [notice] 1#1: start worker process 29
2022/07/12 14:07:32 [notice] 1#1: start worker process 30
2022/07/12 14:07:32 [notice] 1#1: start worker process 31
2022/07/12 14:07:32 [notice] 1#1: start worker process 32
2022/07/14 15:28:36 [notice] 1#1: signal 3 (SIGQUIT) received, shutting down
2022/07/14 15:28:36 [notice] 30#30: gracefully shutting down
2022/07/14 15:28:36 [notice] 32#32: gracefully shutting down
2022/07/14 15:28:36 [notice] 30#30: exiting
2022/07/14 15:28:36 [notice] 32#32: exiting
2022/07/14 15:28:36 [notice] 31#31: gracefully shutting down
2022/07/14 15:28:36 [notice] 29#29: gracefully shutting down
2022/07/14 15:28:36 [notice] 31#31: exiting
2022/07/14 15:28:36 [notice] 32#32: exit
2022/07/14 15:28:36 [notice] 30#30: exit
2022/07/14 15:28:36 [notice] 29#29: exiting
2022/07/14 15:28:36 [notice] 31#31: exit
2022/07/14 15:28:36 [notice] 29#29: exit
2022/07/14 15:28:36 [notice] 1#1: signal 17 (SIGCHLD) received from 29
2022/07/14 15:28:36 [notice] 1#1: worker process 29 exited with code 0
2022/07/14 15:28:36 [notice] 1#1: signal 29 (SIGIO) received
2022/07/14 15:28:36 [notice] 1#1: signal 17 (SIGCHLD) received from 30
2022/07/14 15:28:36 [notice] 1#1: worker process 30 exited with code 0
2022/07/14 15:28:36 [notice] 1#1: signal 29 (SIGIO) received
2022/07/14 15:28:36 [notice] 1#1: signal 17 (SIGCHLD) received from 31
2022/07/14 15:28:36 [notice] 1#1: worker process 31 exited with code 0
2022/07/14 15:28:36 [notice] 1#1: signal 29 (SIGIO) received
2022/07/14 15:28:36 [notice] 1#1: signal 17 (SIGCHLD) received from 32
2022/07/14 15:28:36 [notice] 1#1: worker process 32 exited with code 0
2022/07/14 15:28:36 [notice] 1#1: exit
2022/07/14 15:34:59 [notice] 1#1: using the "epoll" event method
2022/07/14 15:34:59 [notice] 1#1: nginx/1.23.0
2022/07/14 15:34:59 [notice] 1#1: built by gcc 10.2.1 20210110 (Debian 10.2.1-6) 
2022/07/14 15:34:59 [notice] 1#1: OS: Linux 5.13.0-52-generic
2022/07/14 15:34:59 [notice] 1#1: getrlimit(RLIMIT_NOFILE): 1048576:1048576
2022/07/14 15:34:59 [notice] 1#1: start worker processes
2022/07/14 15:34:59 [notice] 1#1: start worker process 30
2022/07/14 15:34:59 [notice] 1#1: start worker process 31
2022/07/14 15:34:59 [notice] 1#1: start worker process 32
2022/07/14 15:34:59 [notice] 1#1: start worker process 33
2022/07/14 15:36:38 [notice] 1#1: signal 3 (SIGQUIT) received, shutting down
2022/07/14 15:36:38 [notice] 30#30: gracefully shutting down
2022/07/14 15:36:38 [notice] 33#33: gracefully shutting down
2022/07/14 15:36:38 [notice] 32#32: gracefully shutting down
2022/07/14 15:36:38 [notice] 30#30: exiting
2022/07/14 15:36:38 [notice] 33#33: exiting
2022/07/14 15:36:38 [notice] 32#32: exiting
2022/07/14 15:36:38 [notice] 30#30: exit
2022/07/14 15:36:38 [notice] 33#33: exit
2022/07/14 15:36:38 [notice] 32#32: exit
2022/07/14 15:36:38 [notice] 31#31: gracefully shutting down
2022/07/14 15:36:38 [notice] 31#31: exiting
2022/07/14 15:36:38 [notice] 31#31: exit
2022/07/14 15:36:38 [notice] 1#1: signal 17 (SIGCHLD) received from 32
2022/07/14 15:36:38 [notice] 1#1: worker process 30 exited with code 0
2022/07/14 15:36:38 [notice] 1#1: worker process 32 exited with code 0
2022/07/14 15:36:38 [notice] 1#1: worker process 33 exited with code 0
2022/07/14 15:36:38 [notice] 1#1: signal 29 (SIGIO) received
2022/07/14 15:36:38 [notice] 1#1: signal 17 (SIGCHLD) received from 33
2022/07/14 15:36:38 [notice] 1#1: signal 17 (SIGCHLD) received from 31
2022/07/14 15:36:38 [notice] 1#1: worker process 31 exited with code 0
2022/07/14 15:36:38 [notice] 1#1: exit
2022/07/14 15:37:12 [notice] 1#1: using the "epoll" event method
2022/07/14 15:37:12 [notice] 1#1: nginx/1.23.0
2022/07/14 15:37:12 [notice] 1#1: built by gcc 10.2.1 20210110 (Debian 10.2.1-6) 
2022/07/14 15:37:12 [notice] 1#1: OS: Linux 5.13.0-52-generic
2022/07/14 15:37:12 [notice] 1#1: getrlimit(RLIMIT_NOFILE): 1048576:1048576
2022/07/14 15:37:12 [notice] 1#1: start worker processes
2022/07/14 15:37:12 [notice] 1#1: start worker process 30
2022/07/14 15:37:12 [notice] 1#1: start worker process 31
2022/07/14 15:37:12 [notice] 1#1: start worker process 32
2022/07/14 15:37:12 [notice] 1#1: start worker process 33
2022/07/14 15:40:49 [notice] 1#1: signal 3 (SIGQUIT) received, shutting down
2022/07/14 15:40:49 [notice] 31#31: gracefully shutting down
2022/07/14 15:40:49 [notice] 32#32: gracefully shutting down
2022/07/14 15:40:49 [notice] 31#31: exiting
2022/07/14 15:40:49 [notice] 32#32: exiting
2022/07/14 15:40:49 [notice] 31#31: exit
2022/07/14 15:40:49 [notice] 32#32: exit
2022/07/14 15:40:49 [notice] 30#30: gracefully shutting down
2022/07/14 15:40:49 [notice] 33#33: gracefully shutting down
2022/07/14 15:40:49 [notice] 30#30: exiting
2022/07/14 15:40:49 [notice] 33#33: exiting
2022/07/14 15:40:49 [notice] 30#30: exit
2022/07/14 15:40:49 [notice] 33#33: exit
2022/07/14 15:40:49 [notice] 1#1: signal 17 (SIGCHLD) received from 32
2022/07/14 15:40:49 [notice] 1#1: worker process 32 exited with code 0
2022/07/14 15:40:49 [notice] 1#1: signal 29 (SIGIO) received
2022/07/14 15:40:49 [notice] 1#1: signal 17 (SIGCHLD) received from 30
2022/07/14 15:40:49 [notice] 1#1: worker process 30 exited with code 0
2022/07/14 15:40:49 [notice] 1#1: signal 29 (SIGIO) received
2022/07/14 15:40:50 [notice] 1#1: signal 17 (SIGCHLD) received from 31
2022/07/14 15:40:50 [notice] 1#1: worker process 31 exited with code 0
2022/07/14 15:40:50 [notice] 1#1: signal 29 (SIGIO) received
2022/07/14 15:40:50 [notice] 1#1: signal 17 (SIGCHLD) received from 33
2022/07/14 15:40:50 [notice] 1#1: worker process 33 exited with code 0
2022/07/14 15:40:50 [notice] 1#1: exit
2022/07/14 15:41:18 [notice] 1#1: using the "epoll" event method
2022/07/14 15:41:18 [notice] 1#1: nginx/1.23.0
2022/07/14 15:41:18 [notice] 1#1: built by gcc 10.2.1 20210110 (Debian 10.2.1-6) 
2022/07/14 15:41:18 [notice] 1#1: OS: Linux 5.13.0-52-generic
2022/07/14 15:41:18 [notice] 1#1: getrlimit(RLIMIT_NOFILE): 1048576:1048576
2022/07/14 15:41:18 [notice] 1#1: start worker processes
2022/07/14 15:41:18 [notice] 1#1: start worker process 29
2022/07/14 15:41:18 [notice] 1#1: start worker process 30
2022/07/14 15:41:18 [notice] 1#1: start worker process 31
2022/07/14 15:41:18 [notice] 1#1: start worker process 32
2022/07/14 15:46:24 [notice] 1#1: signal 3 (SIGQUIT) received, shutting down
2022/07/14 15:46:24 [notice] 29#29: gracefully shutting down
2022/07/14 15:46:24 [notice] 32#32: gracefully shutting down
2022/07/14 15:46:24 [notice] 29#29: exiting
2022/07/14 15:46:24 [notice] 32#32: exiting
2022/07/14 15:46:24 [notice] 29#29: exit
2022/07/14 15:46:24 [notice] 32#32: exit
2022/07/14 15:46:24 [notice] 30#30: gracefully shutting down
2022/07/14 15:46:24 [notice] 30#30: exiting
2022/07/14 15:46:24 [notice] 30#30: exit
2022/07/14 15:46:24 [notice] 31#31: gracefully shutting down
2022/07/14 15:46:24 [notice] 1#1: signal 17 (SIGCHLD) received from 29
2022/07/14 15:46:24 [notice] 1#1: worker process 29 exited with code 0
2022/07/14 15:46:24 [notice] 1#1: worker process 32 exited with code 0
2022/07/14 15:46:24 [notice] 1#1: signal 29 (SIGIO) received
2022/07/14 15:46:24 [notice] 1#1: signal 17 (SIGCHLD) received from 30
2022/07/14 15:46:24 [notice] 1#1: worker process 30 exited with code 0
2022/07/14 15:46:24 [notice] 1#1: signal 29 (SIGIO) received
2022/07/14 15:46:24 [notice] 31#31: exiting
2022/07/14 15:46:24 [notice] 31#31: exit
2022/07/14 15:46:24 [notice] 1#1: signal 17 (SIGCHLD) received from 31
2022/07/14 15:46:24 [notice] 1#1: worker process 31 exited with code 0
2022/07/14 15:46:24 [notice] 1#1: exit
2022/07/14 15:46:26 [notice] 1#1: using the "epoll" event method
2022/07/14 15:46:26 [notice] 1#1: nginx/1.23.0
2022/07/14 15:46:26 [notice] 1#1: built by gcc 10.2.1 20210110 (Debian 10.2.1-6) 
2022/07/14 15:46:26 [notice] 1#1: OS: Linux 5.13.0-52-generic
2022/07/14 15:46:26 [notice] 1#1: getrlimit(RLIMIT_NOFILE): 1048576:1048576
2022/07/14 15:46:26 [notice] 1#1: start worker processes
2022/07/14 15:46:26 [notice] 1#1: start worker process 29
2022/07/14 15:46:26 [notice] 1#1: start worker process 30
2022/07/14 15:46:26 [notice] 1#1: start worker process 31
2022/07/14 15:46:26 [notice] 1#1: start worker process 32
2022/07/14 15:57:06 [notice] 1#1: signal 3 (SIGQUIT) received, shutting down
2022/07/14 15:57:06 [notice] 30#30: gracefully shutting down
2022/07/14 15:57:06 [notice] 30#30: exiting
2022/07/14 15:57:06 [notice] 30#30: exit
2022/07/14 15:57:06 [notice] 31#31: gracefully shutting down
2022/07/14 15:57:06 [notice] 31#31: exiting
2022/07/14 15:57:06 [notice] 31#31: exit
2022/07/14 15:57:06 [notice] 29#29: gracefully shutting down
2022/07/14 15:57:06 [notice] 29#29: exiting
2022/07/14 15:57:06 [notice] 29#29: exit
2022/07/14 15:57:06 [notice] 32#32: gracefully shutting down
2022/07/14 15:57:06 [notice] 32#32: exiting
2022/07/14 15:57:06 [notice] 32#32: exit
2022/07/14 15:57:06 [notice] 1#1: signal 17 (SIGCHLD) received from 30
2022/07/14 15:57:06 [notice] 1#1: worker process 30 exited with code 0
2022/07/14 15:57:06 [notice] 1#1: signal 29 (SIGIO) received
2022/07/14 15:57:06 [notice] 1#1: signal 17 (SIGCHLD) received from 31
2022/07/14 15:57:06 [notice] 1#1: worker process 31 exited with code 0
2022/07/14 15:57:06 [notice] 1#1: signal 29 (SIGIO) received
2022/07/14 15:57:06 [notice] 1#1: signal 17 (SIGCHLD) received from 29
2022/07/14 15:57:06 [notice] 1#1: worker process 29 exited with code 0
2022/07/14 15:57:06 [notice] 1#1: signal 29 (SIGIO) received
2022/07/14 15:57:06 [notice] 1#1: signal 17 (SIGCHLD) received from 32
2022/07/14 15:57:06 [notice] 1#1: worker process 32 exited with code 0
2022/07/14 15:57:06 [notice] 1#1: exit
2022/07/14 15:57:09 [notice] 1#1: using the "epoll" event method
2022/07/14 15:57:09 [notice] 1#1: nginx/1.23.0
2022/07/14 15:57:09 [notice] 1#1: built by gcc 10.2.1 20210110 (Debian 10.2.1-6) 
2022/07/14 15:57:09 [notice] 1#1: OS: Linux 5.13.0-52-generic
2022/07/14 15:57:09 [notice] 1#1: getrlimit(RLIMIT_NOFILE): 1048576:1048576
2022/07/14 15:57:09 [notice] 1#1: start worker processes
2022/07/14 15:57:09 [notice] 1#1: start worker process 30
2022/07/14 15:57:09 [notice] 1#1: start worker process 31
2022/07/14 15:57:09 [notice] 1#1: start worker process 32
2022/07/14 15:57:09 [notice] 1#1: start worker process 33
2022/07/14 16:06:12 [notice] 1#1: signal 3 (SIGQUIT) received, shutting down
2022/07/14 16:06:12 [notice] 31#31: gracefully shutting down
2022/07/14 16:06:12 [notice] 32#32: gracefully shutting down
2022/07/14 16:06:12 [notice] 31#31: exiting
2022/07/14 16:06:12 [notice] 33#33: gracefully shutting down
2022/07/14 16:06:12 [notice] 32#32: exiting
2022/07/14 16:06:12 [notice] 33#33: exiting
2022/07/14 16:06:12 [notice] 31#31: exit
2022/07/14 16:06:12 [notice] 32#32: exit
2022/07/14 16:06:12 [notice] 33#33: exit
2022/07/14 16:06:12 [notice] 30#30: gracefully shutting down
2022/07/14 16:06:12 [notice] 30#30: exiting
2022/07/14 16:06:12 [notice] 30#30: exit
2022/07/14 16:06:12 [notice] 1#1: signal 17 (SIGCHLD) received from 31
2022/07/14 16:06:12 [notice] 1#1: worker process 31 exited with code 0
2022/07/14 16:06:12 [notice] 1#1: signal 29 (SIGIO) received
2022/07/14 16:06:12 [notice] 1#1: signal 17 (SIGCHLD) received from 32
2022/07/14 16:06:12 [notice] 1#1: worker process 32 exited with code 0
2022/07/14 16:06:12 [notice] 1#1: signal 29 (SIGIO) received
2022/07/14 16:06:12 [notice] 1#1: signal 17 (SIGCHLD) received from 30
2022/07/14 16:06:12 [notice] 1#1: worker process 30 exited with code 0
2022/07/14 16:06:12 [notice] 1#1: worker process 33 exited with code 0
2022/07/14 16:06:12 [notice] 1#1: exit
2022/07/14 16:10:16 [notice] 1#1: using the "epoll" event method
2022/07/14 16:10:16 [notice] 1#1: nginx/1.23.0
2022/07/14 16:10:16 [notice] 1#1: built by gcc 10.2.1 20210110 (Debian 10.2.1-6) 
2022/07/14 16:10:16 [notice] 1#1: OS: Linux 5.13.0-52-generic
2022/07/14 16:10:16 [notice] 1#1: getrlimit(RLIMIT_NOFILE): 1048576:1048576
2022/07/14 16:10:16 [notice] 1#1: start worker processes
2022/07/14 16:10:16 [notice] 1#1: start worker process 30
2022/07/14 16:10:16 [notice] 1#1: start worker process 31
2022/07/14 16:10:16 [notice] 1#1: start worker process 32
2022/07/14 16:10:16 [notice] 1#1: start worker process 33
2022/07/14 16:27:08 [notice] 1#1: signal 3 (SIGQUIT) received, shutting down
2022/07/14 16:27:08 [notice] 32#32: gracefully shutting down
2022/07/14 16:27:08 [notice] 33#33: gracefully shutting down
2022/07/14 16:27:08 [notice] 32#32: exiting
2022/07/14 16:27:08 [notice] 33#33: exiting
2022/07/14 16:27:08 [notice] 32#32: exit
2022/07/14 16:27:08 [notice] 33#33: exit
2022/07/14 16:27:08 [notice] 31#31: gracefully shutting down
2022/07/14 16:27:08 [notice] 31#31: exiting
2022/07/14 16:27:08 [notice] 31#31: exit
2022/07/14 16:27:08 [notice] 30#30: gracefully shutting down
2022/07/14 16:27:08 [notice] 30#30: exiting
2022/07/14 16:27:08 [notice] 30#30: exit
2022/07/14 16:27:08 [notice] 1#1: signal 17 (SIGCHLD) received from 32
2022/07/14 16:27:08 [notice] 1#1: worker process 32 exited with code 0
2022/07/14 16:27:08 [notice] 1#1: worker process 33 exited with code 0
2022/07/14 16:27:08 [notice] 1#1: signal 29 (SIGIO) received
2022/07/14 16:27:08 [notice] 1#1: signal 17 (SIGCHLD) received from 31
2022/07/14 16:27:08 [notice] 1#1: worker process 31 exited with code 0
2022/07/14 16:27:08 [notice] 1#1: signal 29 (SIGIO) received
2022/07/14 16:27:08 [notice] 1#1: signal 17 (SIGCHLD) received from 30
2022/07/14 16:27:08 [notice] 1#1: worker process 30 exited with code 0
2022/07/14 16:27:08 [notice] 1#1: exit
2022/07/14 16:27:16 [notice] 1#1: using the "epoll" event method
2022/07/14 16:27:16 [notice] 1#1: nginx/1.23.0
2022/07/14 16:27:16 [notice] 1#1: built by gcc 10.2.1 20210110 (Debian 10.2.1-6) 
2022/07/14 16:27:16 [notice] 1#1: OS: Linux 5.13.0-52-generic
2022/07/14 16:27:16 [notice] 1#1: getrlimit(RLIMIT_NOFILE): 1048576:1048576
2022/07/14 16:27:16 [notice] 1#1: start worker processes
2022/07/14 16:27:16 [notice] 1#1: start worker process 29
2022/07/14 16:27:16 [notice] 1#1: start worker process 30
2022/07/14 16:27:16 [notice] 1#1: start worker process 31
2022/07/14 16:27:16 [notice] 1#1: start worker process 32
2022/07/14 16:31:31 [notice] 1#1: signal 3 (SIGQUIT) received, shutting down
2022/07/14 16:31:31 [notice] 29#29: gracefully shutting down
2022/07/14 16:31:31 [notice] 29#29: exiting
2022/07/14 16:31:31 [notice] 29#29: exit
2022/07/14 16:31:31 [notice] 31#31: gracefully shutting down
2022/07/14 16:31:31 [notice] 31#31: exiting
2022/07/14 16:31:31 [notice] 31#31: exit
2022/07/14 16:31:31 [notice] 30#30: gracefully shutting down
2022/07/14 16:31:31 [notice] 30#30: exiting
2022/07/14 16:31:31 [notice] 30#30: exit
2022/07/14 16:31:31 [notice] 32#32: gracefully shutting down
2022/07/14 16:31:31 [notice] 32#32: exiting
2022/07/14 16:31:31 [notice] 32#32: exit
2022/07/14 16:31:31 [notice] 1#1: signal 17 (SIGCHLD) received from 29
2022/07/14 16:31:31 [notice] 1#1: worker process 29 exited with code 0
2022/07/14 16:31:31 [notice] 1#1: signal 29 (SIGIO) received
2022/07/14 16:31:31 [notice] 1#1: signal 17 (SIGCHLD) received from 31
2022/07/14 16:31:31 [notice] 1#1: worker process 31 exited with code 0
2022/07/14 16:31:31 [notice] 1#1: signal 29 (SIGIO) received
2022/07/14 16:31:31 [notice] 1#1: signal 17 (SIGCHLD) received from 30
2022/07/14 16:31:31 [notice] 1#1: worker process 30 exited with code 0
2022/07/14 16:31:31 [notice] 1#1: signal 29 (SIGIO) received
2022/07/14 16:31:31 [notice] 1#1: signal 17 (SIGCHLD) received from 32
2022/07/14 16:31:31 [notice] 1#1: worker process 32 exited with code 0
2022/07/14 16:31:31 [notice] 1#1: exit
2022/07/14 16:31:34 [notice] 1#1: using the "epoll" event method
2022/07/14 16:31:34 [notice] 1#1: nginx/1.23.0
2022/07/14 16:31:34 [notice] 1#1: built by gcc 10.2.1 20210110 (Debian 10.2.1-6) 
2022/07/14 16:31:34 [notice] 1#1: OS: Linux 5.13.0-52-generic
2022/07/14 16:31:34 [notice] 1#1: getrlimit(RLIMIT_NOFILE): 1048576:1048576
2022/07/14 16:31:34 [notice] 1#1: start worker processes
2022/07/14 16:31:34 [notice] 1#1: start worker process 30
2022/07/14 16:31:34 [notice] 1#1: start worker process 31
2022/07/14 16:31:34 [notice] 1#1: start worker process 32
2022/07/14 16:31:34 [notice] 1#1: start worker process 33
2022/07/14 16:33:40 [notice] 1#1: signal 3 (SIGQUIT) received, shutting down
2022/07/14 16:33:40 [notice] 30#30: gracefully shutting down
2022/07/14 16:33:40 [notice] 33#33: gracefully shutting down
2022/07/14 16:33:40 [notice] 30#30: exiting
2022/07/14 16:33:40 [notice] 33#33: exiting
2022/07/14 16:33:40 [notice] 30#30: exit
2022/07/14 16:33:40 [notice] 33#33: exit
2022/07/14 16:33:40 [notice] 31#31: gracefully shutting down
2022/07/14 16:33:40 [notice] 31#31: exiting
2022/07/14 16:33:40 [notice] 31#31: exit
2022/07/14 16:33:40 [notice] 32#32: gracefully shutting down
2022/07/14 16:33:40 [notice] 32#32: exiting
2022/07/14 16:33:40 [notice] 32#32: exit
2022/07/14 16:33:40 [notice] 1#1: signal 17 (SIGCHLD) received from 33
2022/07/14 16:33:40 [notice] 1#1: worker process 33 exited with code 0
2022/07/14 16:33:40 [notice] 1#1: signal 29 (SIGIO) received
2022/07/14 16:33:40 [notice] 1#1: signal 17 (SIGCHLD) received from 31
2022/07/14 16:33:40 [notice] 1#1: worker process 31 exited with code 0
2022/07/14 16:33:40 [notice] 1#1: signal 29 (SIGIO) received
2022/07/14 16:33:40 [notice] 1#1: signal 17 (SIGCHLD) received from 32
2022/07/14 16:33:40 [notice] 1#1: worker process 32 exited with code 0
2022/07/14 16:33:40 [notice] 1#1: signal 29 (SIGIO) received
2022/07/14 16:33:40 [notice] 1#1: signal 17 (SIGCHLD) received from 30
2022/07/14 16:33:40 [notice] 1#1: worker process 30 exited with code 0
2022/07/14 16:33:40 [notice] 1#1: exit
2022/07/14 16:37:47 [notice] 1#1: using the "epoll" event method
2022/07/14 16:37:47 [notice] 1#1: nginx/1.23.0
2022/07/14 16:37:47 [notice] 1#1: built by gcc 10.2.1 20210110 (Debian 10.2.1-6) 
2022/07/14 16:37:47 [notice] 1#1: OS: Linux 5.13.0-52-generic
2022/07/14 16:37:47 [notice] 1#1: getrlimit(RLIMIT_NOFILE): 1048576:1048576
2022/07/14 16:37:47 [notice] 1#1: start worker processes
2022/07/14 16:37:47 [notice] 1#1: start worker process 30
2022/07/14 16:37:47 [notice] 1#1: start worker process 31
2022/07/14 16:37:47 [notice] 1#1: start worker process 32
2022/07/14 16:37:47 [notice] 1#1: start worker process 33
2022/07/14 17:25:24 [notice] 1#1: signal 3 (SIGQUIT) received, shutting down
2022/07/14 17:25:24 [notice] 30#30: gracefully shutting down
2022/07/14 17:25:24 [notice] 31#31: gracefully shutting down
2022/07/14 17:25:24 [notice] 33#33: gracefully shutting down
2022/07/14 17:25:24 [notice] 30#30: exiting
2022/07/14 17:25:24 [notice] 31#31: exiting
2022/07/14 17:25:24 [notice] 33#33: exiting
2022/07/14 17:25:24 [notice] 30#30: exit
2022/07/14 17:25:24 [notice] 31#31: exit
2022/07/14 17:25:24 [notice] 33#33: exit
2022/07/14 17:25:24 [notice] 32#32: gracefully shutting down
2022/07/14 17:25:24 [notice] 32#32: exiting
2022/07/14 17:25:24 [notice] 32#32: exit
2022/07/14 17:25:24 [notice] 1#1: signal 17 (SIGCHLD) received from 33
2022/07/14 17:25:24 [notice] 1#1: worker process 33 exited with code 0
2022/07/14 17:25:24 [notice] 1#1: signal 29 (SIGIO) received
2022/07/14 17:25:24 [notice] 1#1: signal 17 (SIGCHLD) received from 30
2022/07/14 17:25:24 [notice] 1#1: worker process 30 exited with code 0
2022/07/14 17:25:24 [notice] 1#1: worker process 32 exited with code 0
2022/07/14 17:25:24 [notice] 1#1: signal 29 (SIGIO) received
2022/07/14 17:25:24 [notice] 1#1: signal 17 (SIGCHLD) received from 31
2022/07/14 17:25:24 [notice] 1#1: worker process 31 exited with code 0
2022/07/14 17:25:24 [notice] 1#1: exit
2022/07/14 17:36:09 [notice] 1#1: using the "epoll" event method
2022/07/14 17:36:09 [notice] 1#1: nginx/1.23.0
2022/07/14 17:36:09 [notice] 1#1: built by gcc 10.2.1 20210110 (Debian 10.2.1-6) 
2022/07/14 17:36:09 [notice] 1#1: OS: Linux 5.13.0-52-generic
2022/07/14 17:36:09 [notice] 1#1: getrlimit(RLIMIT_NOFILE): 1048576:1048576
2022/07/14 17:36:09 [notice] 1#1: start worker processes
2022/07/14 17:36:09 [notice] 1#1: start worker process 30
2022/07/14 17:36:09 [notice] 1#1: start worker process 31
2022/07/14 17:36:09 [notice] 1#1: start worker process 32
2022/07/14 17:36:09 [notice] 1#1: start worker process 33
2022/07/14 17:42:12 [notice] 1#1: signal 3 (SIGQUIT) received, shutting down
2022/07/14 17:42:12 [notice] 31#31: gracefully shutting down
2022/07/14 17:42:12 [notice] 32#32: gracefully shutting down
2022/07/14 17:42:12 [notice] 31#31: exiting
2022/07/14 17:42:12 [notice] 32#32: exiting
2022/07/14 17:42:12 [notice] 33#33: gracefully shutting down
2022/07/14 17:42:12 [notice] 31#31: exit
2022/07/14 17:42:12 [notice] 32#32: exit
2022/07/14 17:42:12 [notice] 33#33: exiting
2022/07/14 17:42:12 [notice] 33#33: exit
2022/07/14 17:42:12 [notice] 30#30: gracefully shutting down
2022/07/14 17:42:12 [notice] 30#30: exiting
2022/07/14 17:42:12 [notice] 30#30: exit
2022/07/14 17:42:12 [notice] 1#1: signal 17 (SIGCHLD) received from 32
2022/07/14 17:42:12 [notice] 1#1: worker process 31 exited with code 0
2022/07/14 17:42:12 [notice] 1#1: worker process 32 exited with code 0
2022/07/14 17:42:12 [notice] 1#1: signal 29 (SIGIO) received
2022/07/14 17:42:12 [notice] 1#1: signal 17 (SIGCHLD) received from 30
2022/07/14 17:42:12 [notice] 1#1: worker process 30 exited with code 0
2022/07/14 17:42:12 [notice] 1#1: signal 29 (SIGIO) received
2022/07/14 17:42:12 [notice] 1#1: signal 17 (SIGCHLD) received from 33
2022/07/14 17:42:12 [notice] 1#1: worker process 33 exited with code 0
2022/07/14 17:42:12 [notice] 1#1: exit
2022/07/14 17:45:50 [notice] 1#1: using the "epoll" event method
2022/07/14 17:45:50 [notice] 1#1: nginx/1.23.0
2022/07/14 17:45:50 [notice] 1#1: built by gcc 10.2.1 20210110 (Debian 10.2.1-6) 
2022/07/14 17:45:50 [notice] 1#1: OS: Linux 5.13.0-52-generic
2022/07/14 17:45:50 [notice] 1#1: getrlimit(RLIMIT_NOFILE): 1048576:1048576
2022/07/14 17:45:50 [notice] 1#1: start worker processes
2022/07/14 17:45:50 [notice] 1#1: start worker process 29
2022/07/14 17:45:50 [notice] 1#1: start worker process 30
2022/07/14 17:45:50 [notice] 1#1: start worker process 31
2022/07/14 17:45:50 [notice] 1#1: start worker process 32
2022/07/14 17:55:46 [notice] 1#1: signal 3 (SIGQUIT) received, shutting down
2022/07/14 17:55:46 [notice] 29#29: gracefully shutting down
2022/07/14 17:55:46 [notice] 31#31: gracefully shutting down
2022/07/14 17:55:46 [notice] 30#30: gracefully shutting down
2022/07/14 17:55:46 [notice] 29#29: exiting
2022/07/14 17:55:46 [notice] 31#31: exiting
2022/07/14 17:55:46 [notice] 30#30: exiting
2022/07/14 17:55:46 [notice] 30#30: exit
2022/07/14 17:55:46 [notice] 31#31: exit
2022/07/14 17:55:46 [notice] 29#29: exit
2022/07/14 17:55:46 [notice] 32#32: gracefully shutting down
2022/07/14 17:55:46 [notice] 32#32: exiting
2022/07/14 17:55:46 [notice] 32#32: exit
2022/07/14 17:55:46 [notice] 1#1: signal 17 (SIGCHLD) received from 30
2022/07/14 17:55:46 [notice] 1#1: worker process 29 exited with code 0
2022/07/14 17:55:46 [notice] 1#1: worker process 30 exited with code 0
2022/07/14 17:55:46 [notice] 1#1: signal 29 (SIGIO) received
2022/07/14 17:55:46 [notice] 1#1: signal 17 (SIGCHLD) received from 29
2022/07/14 17:55:46 [notice] 1#1: signal 17 (SIGCHLD) received from 32
2022/07/14 17:55:46 [notice] 1#1: worker process 32 exited with code 0
2022/07/14 17:55:46 [notice] 1#1: signal 29 (SIGIO) received
2022/07/14 17:55:46 [notice] 1#1: signal 17 (SIGCHLD) received from 31
2022/07/14 17:55:46 [notice] 1#1: worker process 31 exited with code 0
2022/07/14 17:55:46 [notice] 1#1: exit
2022/07/14 18:04:13 [emerg] 1#1: host not found in upstream "php" in /etc/nginx/conf.d/default.conf:64
2022/07/14 18:05:41 [notice] 1#1: using the "epoll" event method
2022/07/14 18:05:41 [notice] 1#1: nginx/1.23.0
2022/07/14 18:05:41 [notice] 1#1: built by gcc 10.2.1 20210110 (Debian 10.2.1-6) 
2022/07/14 18:05:41 [notice] 1#1: OS: Linux 5.13.0-52-generic
2022/07/14 18:05:41 [notice] 1#1: getrlimit(RLIMIT_NOFILE): 1048576:1048576
2022/07/14 18:05:41 [notice] 1#1: start worker processes
2022/07/14 18:05:41 [notice] 1#1: start worker process 30
2022/07/14 18:05:41 [notice] 1#1: start worker process 31
2022/07/14 18:05:41 [notice] 1#1: start worker process 32
2022/07/14 18:05:41 [notice] 1#1: start worker process 33
2022/07/14 18:10:06 [notice] 1#1: signal 3 (SIGQUIT) received, shutting down
2022/07/14 18:10:06 [notice] 33#33: gracefully shutting down
2022/07/14 18:10:06 [notice] 30#30: gracefully shutting down
2022/07/14 18:10:06 [notice] 33#33: exiting
2022/07/14 18:10:06 [notice] 30#30: exiting
2022/07/14 18:10:06 [notice] 30#30: exit
2022/07/14 18:10:06 [notice] 33#33: exit
2022/07/14 18:10:06 [notice] 32#32: gracefully shutting down
2022/07/14 18:10:06 [notice] 32#32: exiting
2022/07/14 18:10:06 [notice] 32#32: exit
2022/07/14 18:10:06 [notice] 31#31: gracefully shutting down
2022/07/14 18:10:06 [notice] 31#31: exiting
2022/07/14 18:10:06 [notice] 31#31: exit
2022/07/14 18:10:06 [notice] 1#1: signal 17 (SIGCHLD) received from 33
2022/07/14 18:10:06 [notice] 1#1: worker process 30 exited with code 0
2022/07/14 18:10:06 [notice] 1#1: worker process 33 exited with code 0
2022/07/14 18:10:06 [notice] 1#1: signal 29 (SIGIO) received
2022/07/14 18:10:06 [notice] 1#1: signal 17 (SIGCHLD) received from 32
2022/07/14 18:10:06 [notice] 1#1: worker process 32 exited with code 0
2022/07/14 18:10:06 [notice] 1#1: signal 29 (SIGIO) received
2022/07/14 18:10:06 [notice] 1#1: signal 17 (SIGCHLD) received from 31
2022/07/14 18:10:06 [notice] 1#1: worker process 31 exited with code 0
2022/07/14 18:10:06 [notice] 1#1: exit
2022/07/15 09:18:30 [notice] 1#1: using the "epoll" event method
2022/07/15 09:18:30 [notice] 1#1: nginx/1.23.0
2022/07/15 09:18:30 [notice] 1#1: built by gcc 10.2.1 20210110 (Debian 10.2.1-6) 
2022/07/15 09:18:30 [notice] 1#1: OS: Linux 5.13.0-52-generic
2022/07/15 09:18:30 [notice] 1#1: getrlimit(RLIMIT_NOFILE): 1048576:1048576
2022/07/15 09:18:30 [notice] 1#1: start worker processes
2022/07/15 09:18:30 [notice] 1#1: start worker process 31
2022/07/15 09:18:30 [notice] 1#1: start worker process 32
2022/07/15 09:18:30 [notice] 1#1: start worker process 33
2022/07/15 09:18:30 [notice] 1#1: start worker process 34
2022/07/15 10:06:21 [notice] 1#1: signal 3 (SIGQUIT) received, shutting down
2022/07/15 10:06:21 [notice] 33#33: gracefully shutting down
2022/07/15 10:06:21 [notice] 33#33: exiting
2022/07/15 10:06:21 [notice] 33#33: exit
2022/07/15 10:06:21 [notice] 34#34: gracefully shutting down
2022/07/15 10:06:21 [notice] 34#34: exiting
2022/07/15 10:06:21 [notice] 34#34: exit
2022/07/15 10:06:21 [notice] 32#32: gracefully shutting down
2022/07/15 10:06:21 [notice] 32#32: exiting
2022/07/15 10:06:21 [notice] 32#32: exit
2022/07/15 10:06:21 [notice] 31#31: gracefully shutting down
2022/07/15 10:06:21 [notice] 31#31: exiting
2022/07/15 10:06:21 [notice] 31#31: exit
2022/07/15 10:06:21 [notice] 1#1: signal 17 (SIGCHLD) received from 32
2022/07/15 10:06:21 [notice] 1#1: worker process 32 exited with code 0
2022/07/15 10:06:21 [notice] 1#1: worker process 33 exited with code 0
2022/07/15 10:06:21 [notice] 1#1: signal 29 (SIGIO) received
2022/07/15 10:06:21 [notice] 1#1: signal 17 (SIGCHLD) received from 34
2022/07/15 10:06:21 [notice] 1#1: worker process 34 exited with code 0
2022/07/15 10:06:21 [notice] 1#1: signal 29 (SIGIO) received
2022/07/15 10:06:21 [notice] 1#1: signal 17 (SIGCHLD) received from 31
2022/07/15 10:06:21 [notice] 1#1: worker process 31 exited with code 0
2022/07/15 10:06:21 [notice] 1#1: exit
